<?xml version="1.0" encoding="UTF-8"?>
<testng-results ignored="0" total="1" passed="1" failed="0" skipped="0">
  <reporter-output>
  </reporter-output>
  <suite started-at="2020-10-27T13:43:08 IST" name="Default suite" finished-at="2020-10-27T13:43:13 IST" duration-ms="4488">
    <groups>
    </groups>
    <test started-at="2020-10-27T13:43:08 IST" name="Default test" finished-at="2020-10-27T13:43:13 IST" duration-ms="4488">
      <class name="TwitterUserLookUp.UserFriendsList">
        <test-method signature="friendsList()[pri:0, instance:TwitterUserLookUp.UserFriendsList@4278a03f]" started-at="2020-10-27T13:43:08 IST" name="friendsList" finished-at="2020-10-27T13:43:13 IST" duration-ms="4432" status="PASS">
          <reporter-output>
          </reporter-output>
        </test-method> <!-- friendsList -->
      </class> <!-- TwitterUserLookUp.UserFriendsList -->
    </test> <!-- Default test -->
  </suite> <!-- Default suite -->
</testng-results>
